# Disk Usage   ##################################################################################################
Filesystem            Size  Used Avail Use% Mounted on
tmpfs                 101M  1.1M  100M   2% /run
/dev/sda1              42G  2.7G   39G   7% /
tmpfs                 502M     0  502M   0% /dev/shm
tmpfs                 5.3M     0  5.3M   0% /run/lock
home_vagrant_scripts  303G  190G  113G  63% /home/vagrant/scripts
vagrant               303G  190G  113G  63% /vagrant
tmpfs                 101M  4.1k  101M   1% /run/user/1000
# CPU Usage    ##################################################################################################
Linux 5.15.0-125-generic (Scripting-VM) 	12/04/24 	_x86_64_	(2 CPU)

12:43:09     CPU    %usr   %nice    %sys %iowait    %irq   %soft  %steal  %guest  %gnice   %idle
12:43:09     all    0.12    0.05    0.16    0.09    0.00    0.17    0.00    0.00    0.00   99.40
# Memory Usage ##################################################################################################
  total        used        free   
957         229         172   
 0           0         
-----------------------------------------------------------------------------------------------------------------
report at Wed Dec  4 12:43:09 UTC 2024 -------------------------------------------------------------------------
-----------------------------------------------------------------------------------------------------------------
# Disk Usage   ##################################################################################################
Filesystem            Size  Used Avail Use% Mounted on
tmpfs                 101M  1.1M  100M   2% /run
/dev/sda1              42G  2.7G   39G   7% /
tmpfs                 502M     0  502M   0% /dev/shm
tmpfs                 5.3M     0  5.3M   0% /run/lock
home_vagrant_scripts  303G  190G  113G  63% /home/vagrant/scripts
vagrant               303G  190G  113G  63% /vagrant
tmpfs                 101M  4.1k  101M   1% /run/user/1000
# CPU Usage    ##################################################################################################
Linux 5.15.0-125-generic (Scripting-VM) 	12/06/24 	_x86_64_	(2 CPU)

05:10:46     CPU    %usr   %nice    %sys %iowait    %irq   %soft  %steal  %guest  %gnice   %idle
05:10:46     all    3.81    0.01    8.42    1.06    0.00    0.44    0.00    0.00    0.00   86.27
# Memory Usage ##################################################################################################
  total        used        free   
957         176         426   
 0           0         
-----------------------------------------------------------------------------------------------------------------
report at Fri Dec  6 05:10:46 UTC 2024 -------------------------------------------------------------------------
-----------------------------------------------------------------------------------------------------------------
